CRITICAL - 2024-04-10 13:32:19 --> The action you requested is not allowed.
in SYSTEMPATH\Security\Security.php on line 306.
 1 SYSTEMPATH\Security\Security.php(306): CodeIgniter\Security\Exceptions\SecurityException::forDisallowedAction()
 2 SYSTEMPATH\Filters\CSRF.php(55): CodeIgniter\Security\Security->verify(Object(CodeIgniter\HTTP\IncomingRequest))
 3 SYSTEMPATH\Filters\Filters.php(173): CodeIgniter\Filters\CSRF->before(Object(CodeIgniter\HTTP\IncomingRequest), null)
 4 SYSTEMPATH\CodeIgniter.php(473): CodeIgniter\Filters\Filters->run('profilo_admin/modifica_profilo', 'before')
 5 SYSTEMPATH\CodeIgniter.php(368): CodeIgniter\CodeIgniter->handleRequest(null, Object(Config\Cache), false)
 6 FCPATH\index.php(67): CodeIgniter\CodeIgniter->run()
CRITICAL - 2024-04-10 13:32:37 --> The action you requested is not allowed.
in SYSTEMPATH\Security\Security.php on line 306.
 1 SYSTEMPATH\Security\Security.php(306): CodeIgniter\Security\Exceptions\SecurityException::forDisallowedAction()
 2 SYSTEMPATH\Filters\CSRF.php(55): CodeIgniter\Security\Security->verify(Object(CodeIgniter\HTTP\IncomingRequest))
 3 SYSTEMPATH\Filters\Filters.php(173): CodeIgniter\Filters\CSRF->before(Object(CodeIgniter\HTTP\IncomingRequest), null)
 4 SYSTEMPATH\CodeIgniter.php(473): CodeIgniter\Filters\Filters->run('profilo_admin/modifica_profilo', 'before')
 5 SYSTEMPATH\CodeIgniter.php(368): CodeIgniter\CodeIgniter->handleRequest(null, Object(Config\Cache), false)
 6 FCPATH\index.php(67): CodeIgniter\CodeIgniter->run()
CRITICAL - 2024-04-10 13:33:01 --> Attempt to assign property "email" on array
in APPPATH\Controllers\ProfiloAdmin.php on line 17.
 1 SYSTEMPATH\CodeIgniter.php(934): App\Controllers\ProfiloAdmin->modificaProfilo()
 2 SYSTEMPATH\CodeIgniter.php(499): CodeIgniter\CodeIgniter->runController(Object(App\Controllers\ProfiloAdmin))
 3 SYSTEMPATH\CodeIgniter.php(368): CodeIgniter\CodeIgniter->handleRequest(null, Object(Config\Cache), false)
 4 FCPATH\index.php(67): CodeIgniter\CodeIgniter->run()
ERROR - 2024-04-10 13:34:37 --> ErrorException: pg_query(): Query failed: ERROR:  null value in column &quot;email&quot; of relation &quot;utente&quot; violates not-null constraint
DETAIL:  Failing row contains (12, null, null, null, $2y$10$6trHDDkDe5/1puD0h.jbxOpeKlY1Tl.ulLy0qwFrVHWzqvOImpLbC, admin). in C:\xampp\htdocs\e-commerce\system\Database\Postgre\Connection.php:147
Stack trace:
#0 [internal function]: CodeIgniter\Debug\Exceptions->errorHandler(2, 'pg_query(): Que...', 'C:\\xampp\\htdocs...', 147)
#1 C:\xampp\htdocs\e-commerce\system\Database\Postgre\Connection.php(147): pg_query(Object(PgSql\Connection), 'UPDATE "utente"...')
#2 C:\xampp\htdocs\e-commerce\system\Database\BaseConnection.php(691): CodeIgniter\Database\Postgre\Connection->execute('UPDATE "utente"...')
#3 C:\xampp\htdocs\e-commerce\system\Database\BaseConnection.php(605): CodeIgniter\Database\BaseConnection->simpleQuery('UPDATE "utente"...')
#4 C:\xampp\htdocs\e-commerce\system\Database\BaseBuilder.php(2476): CodeIgniter\Database\BaseConnection->query('UPDATE "utente"...', Array, false)
#5 C:\xampp\htdocs\e-commerce\system\Model.php(396): CodeIgniter\Database\BaseBuilder->update()
#6 C:\xampp\htdocs\e-commerce\system\BaseModel.php(943): CodeIgniter\Model->doUpdate(Array, Array)
#7 C:\xampp\htdocs\e-commerce\system\Model.php(756): CodeIgniter\BaseModel->update(Array, Array)
#8 C:\xampp\htdocs\e-commerce\system\BaseModel.php(690): CodeIgniter\Model->update('12', Array)
#9 C:\xampp\htdocs\e-commerce\app\Controllers\ProfiloAdmin.php(21): CodeIgniter\BaseModel->save(Array)
#10 C:\xampp\htdocs\e-commerce\system\CodeIgniter.php(934): App\Controllers\ProfiloAdmin->modificaProfilo()
#11 C:\xampp\htdocs\e-commerce\system\CodeIgniter.php(499): CodeIgniter\CodeIgniter->runController(Object(App\Controllers\ProfiloAdmin))
#12 C:\xampp\htdocs\e-commerce\system\CodeIgniter.php(368): CodeIgniter\CodeIgniter->handleRequest(NULL, Object(Config\Cache), false)
#13 C:\xampp\htdocs\e-commerce\public\index.php(67): CodeIgniter\CodeIgniter->run()
#14 {main}
CRITICAL - 2024-04-10 13:34:37 --> pg_query(): Query failed: ERROR:  null value in column &quot;email&quot; of relation &quot;utente&quot; violates not-null constraint
DETAIL:  Failing row contains (12, null, null, null, $2y$10$6trHDDkDe5/1puD0h.jbxOpeKlY1Tl.ulLy0qwFrVHWzqvOImpLbC, admin).
in SYSTEMPATH\Database\BaseConnection.php on line 645.
 1 SYSTEMPATH\Database\BaseBuilder.php(2476): CodeIgniter\Database\BaseConnection->query('UPDATE "utente" SET "userid" = :userid:, "email" = :email:, "nome" = :nome:, "cognome" = :cognome:, "password" = :password:, "tipo" = :tipo:
WHERE "utente"."userid" IN :utente.userid:', [...], false)
 2 SYSTEMPATH\Model.php(396): CodeIgniter\Database\BaseBuilder->update()
 3 SYSTEMPATH\BaseModel.php(943): CodeIgniter\Model->doUpdate([...], [...])
 4 SYSTEMPATH\Model.php(756): CodeIgniter\BaseModel->update([...], [...])
 5 SYSTEMPATH\BaseModel.php(690): CodeIgniter\Model->update('12', [...])
 6 APPPATH\Controllers\ProfiloAdmin.php(21): CodeIgniter\BaseModel->save([...])
 7 SYSTEMPATH\CodeIgniter.php(934): App\Controllers\ProfiloAdmin->modificaProfilo()
 8 SYSTEMPATH\CodeIgniter.php(499): CodeIgniter\CodeIgniter->runController(Object(App\Controllers\ProfiloAdmin))
 9 SYSTEMPATH\CodeIgniter.php(368): CodeIgniter\CodeIgniter->handleRequest(null, Object(Config\Cache), false)
10 FCPATH\index.php(67): CodeIgniter\CodeIgniter->run()
CRITICAL - 2024-04-10 13:43:39 --> Attempt to read property "email" on array
in APPPATH\Views\profilo_admin.php on line 22.
 1 APPPATH\Views\profilo_admin.php(22): CodeIgniter\Debug\Exceptions->errorHandler(2, 'Attempt to read property "email" on array', 'APPPATH\\Views\\profilo_admin.php', 22)
 2 SYSTEMPATH\View\View.php(213): include('APPPATH\\Views\\profilo_admin.php')
 3 SYSTEMPATH\View\View.php(216): CodeIgniter\View\View->CodeIgniter\View\{closure}()
 4 SYSTEMPATH\Common.php(1184): CodeIgniter\View\View->render('profilo_admin', [], true)
 5 APPPATH\Controllers\ProfiloAdmin.php(14): view('profilo_admin', [...])
 6 SYSTEMPATH\CodeIgniter.php(934): App\Controllers\ProfiloAdmin->index()
 7 SYSTEMPATH\CodeIgniter.php(499): CodeIgniter\CodeIgniter->runController(Object(App\Controllers\ProfiloAdmin))
 8 SYSTEMPATH\CodeIgniter.php(368): CodeIgniter\CodeIgniter->handleRequest(null, Object(Config\Cache), false)
 9 FCPATH\index.php(67): CodeIgniter\CodeIgniter->run()
CRITICAL - 2024-04-10 13:49:43 --> The action you requested is not allowed.
in SYSTEMPATH\Security\Security.php on line 306.
 1 SYSTEMPATH\Security\Security.php(306): CodeIgniter\Security\Exceptions\SecurityException::forDisallowedAction()
 2 SYSTEMPATH\Filters\CSRF.php(55): CodeIgniter\Security\Security->verify(Object(CodeIgniter\HTTP\IncomingRequest))
 3 SYSTEMPATH\Filters\Filters.php(173): CodeIgniter\Filters\CSRF->before(Object(CodeIgniter\HTTP\IncomingRequest), null)
 4 SYSTEMPATH\CodeIgniter.php(473): CodeIgniter\Filters\Filters->run('profilo_admin/cambia_password', 'before')
 5 SYSTEMPATH\CodeIgniter.php(368): CodeIgniter\CodeIgniter->handleRequest(null, Object(Config\Cache), false)
 6 FCPATH\index.php(67): CodeIgniter\CodeIgniter->run()
CRITICAL - 2024-04-10 13:50:01 --> The action you requested is not allowed.
in SYSTEMPATH\Security\Security.php on line 306.
 1 SYSTEMPATH\Security\Security.php(306): CodeIgniter\Security\Exceptions\SecurityException::forDisallowedAction()
 2 SYSTEMPATH\Filters\CSRF.php(55): CodeIgniter\Security\Security->verify(Object(CodeIgniter\HTTP\IncomingRequest))
 3 SYSTEMPATH\Filters\Filters.php(173): CodeIgniter\Filters\CSRF->before(Object(CodeIgniter\HTTP\IncomingRequest), null)
 4 SYSTEMPATH\CodeIgniter.php(473): CodeIgniter\Filters\Filters->run('profilo_admin/cambia_password', 'before')
 5 SYSTEMPATH\CodeIgniter.php(368): CodeIgniter\CodeIgniter->handleRequest(null, Object(Config\Cache), false)
 6 FCPATH\index.php(67): CodeIgniter\CodeIgniter->run()
ERROR - 2024-04-10 14:38:42 --> ErrorException: pg_query(): Query failed: ERROR:  new row for relation &quot;prodotto&quot; violates check constraint &quot;prodotto_tipo_check&quot;
DETAIL:  Failing row contains (1, Olio Bari, null, 50.00, extravergine, 100). in C:\xampp\htdocs\e-commerce\system\Database\Postgre\Connection.php:147
Stack trace:
#0 [internal function]: CodeIgniter\Debug\Exceptions->errorHandler(2, 'pg_query(): Que...', 'C:\\xampp\\htdocs...', 147)
#1 C:\xampp\htdocs\e-commerce\system\Database\Postgre\Connection.php(147): pg_query(Object(PgSql\Connection), 'INSERT INTO "pr...')
#2 C:\xampp\htdocs\e-commerce\system\Database\BaseConnection.php(691): CodeIgniter\Database\Postgre\Connection->execute('INSERT INTO "pr...')
#3 C:\xampp\htdocs\e-commerce\system\Database\BaseConnection.php(605): CodeIgniter\Database\BaseConnection->simpleQuery('INSERT INTO "pr...')
#4 C:\xampp\htdocs\e-commerce\system\Database\BaseBuilder.php(2309): CodeIgniter\Database\BaseConnection->query('INSERT INTO "pr...', Array, false)
#5 C:\xampp\htdocs\e-commerce\system\Model.php(330): CodeIgniter\Database\BaseBuilder->insert()
#6 C:\xampp\htdocs\e-commerce\system\BaseModel.php(782): CodeIgniter\Model->doInsert(Array)
#7 C:\xampp\htdocs\e-commerce\system\Model.php(730): CodeIgniter\BaseModel->insert(Array, false)
#8 C:\xampp\htdocs\e-commerce\system\BaseModel.php(692): CodeIgniter\Model->insert(Array, false)
#9 C:\xampp\htdocs\e-commerce\app\Controllers\CatalogoAdmin.php(31): CodeIgniter\BaseModel->save(Array)
#10 C:\xampp\htdocs\e-commerce\system\CodeIgniter.php(934): App\Controllers\CatalogoAdmin->aggiungiProdotto()
#11 C:\xampp\htdocs\e-commerce\system\CodeIgniter.php(499): CodeIgniter\CodeIgniter->runController(Object(App\Controllers\CatalogoAdmin))
#12 C:\xampp\htdocs\e-commerce\system\CodeIgniter.php(368): CodeIgniter\CodeIgniter->handleRequest(NULL, Object(Config\Cache), false)
#13 C:\xampp\htdocs\e-commerce\public\index.php(67): CodeIgniter\CodeIgniter->run()
#14 {main}
CRITICAL - 2024-04-10 14:38:42 --> pg_query(): Query failed: ERROR:  new row for relation &quot;prodotto&quot; violates check constraint &quot;prodotto_tipo_check&quot;
DETAIL:  Failing row contains (1, Olio Bari, null, 50.00, extravergine, 100).
in SYSTEMPATH\Database\BaseConnection.php on line 645.
 1 SYSTEMPATH\Database\BaseBuilder.php(2309): CodeIgniter\Database\BaseConnection->query('INSERT INTO "prodotto" ("nome", "prezzo", "tipo", "quantitadisponibile") VALUES (:nome:, :prezzo:, :tipo:, :quantitadisponibile:)', [...], false)
 2 SYSTEMPATH\Model.php(330): CodeIgniter\Database\BaseBuilder->insert()
 3 SYSTEMPATH\BaseModel.php(782): CodeIgniter\Model->doInsert([...])
 4 SYSTEMPATH\Model.php(730): CodeIgniter\BaseModel->insert([...], false)
 5 SYSTEMPATH\BaseModel.php(692): CodeIgniter\Model->insert([...], false)
 6 APPPATH\Controllers\CatalogoAdmin.php(31): CodeIgniter\BaseModel->save([...])
 7 SYSTEMPATH\CodeIgniter.php(934): App\Controllers\CatalogoAdmin->aggiungiProdotto()
 8 SYSTEMPATH\CodeIgniter.php(499): CodeIgniter\CodeIgniter->runController(Object(App\Controllers\CatalogoAdmin))
 9 SYSTEMPATH\CodeIgniter.php(368): CodeIgniter\CodeIgniter->handleRequest(null, Object(Config\Cache), false)
10 FCPATH\index.php(67): CodeIgniter\CodeIgniter->run()
ERROR - 2024-04-10 14:39:33 --> ErrorException: pg_query(): Query failed: ERROR:  new row for relation &quot;prodotto&quot; violates check constraint &quot;prodotto_tipo_check&quot;
DETAIL:  Failing row contains (2, Olio Bari, Olio di Bari., 50.00, extravergine, 100). in C:\xampp\htdocs\e-commerce\system\Database\Postgre\Connection.php:147
Stack trace:
#0 [internal function]: CodeIgniter\Debug\Exceptions->errorHandler(2, 'pg_query(): Que...', 'C:\\xampp\\htdocs...', 147)
#1 C:\xampp\htdocs\e-commerce\system\Database\Postgre\Connection.php(147): pg_query(Object(PgSql\Connection), 'INSERT INTO "pr...')
#2 C:\xampp\htdocs\e-commerce\system\Database\BaseConnection.php(691): CodeIgniter\Database\Postgre\Connection->execute('INSERT INTO "pr...')
#3 C:\xampp\htdocs\e-commerce\system\Database\BaseConnection.php(605): CodeIgniter\Database\BaseConnection->simpleQuery('INSERT INTO "pr...')
#4 C:\xampp\htdocs\e-commerce\system\Database\BaseBuilder.php(2309): CodeIgniter\Database\BaseConnection->query('INSERT INTO "pr...', Array, false)
#5 C:\xampp\htdocs\e-commerce\system\Model.php(330): CodeIgniter\Database\BaseBuilder->insert()
#6 C:\xampp\htdocs\e-commerce\system\BaseModel.php(782): CodeIgniter\Model->doInsert(Array)
#7 C:\xampp\htdocs\e-commerce\system\Model.php(730): CodeIgniter\BaseModel->insert(Array, false)
#8 C:\xampp\htdocs\e-commerce\system\BaseModel.php(692): CodeIgniter\Model->insert(Array, false)
#9 C:\xampp\htdocs\e-commerce\app\Controllers\CatalogoAdmin.php(31): CodeIgniter\BaseModel->save(Array)
#10 C:\xampp\htdocs\e-commerce\system\CodeIgniter.php(934): App\Controllers\CatalogoAdmin->aggiungiProdotto()
#11 C:\xampp\htdocs\e-commerce\system\CodeIgniter.php(499): CodeIgniter\CodeIgniter->runController(Object(App\Controllers\CatalogoAdmin))
#12 C:\xampp\htdocs\e-commerce\system\CodeIgniter.php(368): CodeIgniter\CodeIgniter->handleRequest(NULL, Object(Config\Cache), false)
#13 C:\xampp\htdocs\e-commerce\public\index.php(67): CodeIgniter\CodeIgniter->run()
#14 {main}
CRITICAL - 2024-04-10 14:39:33 --> pg_query(): Query failed: ERROR:  new row for relation &quot;prodotto&quot; violates check constraint &quot;prodotto_tipo_check&quot;
DETAIL:  Failing row contains (2, Olio Bari, Olio di Bari., 50.00, extravergine, 100).
in SYSTEMPATH\Database\BaseConnection.php on line 645.
 1 SYSTEMPATH\Database\BaseBuilder.php(2309): CodeIgniter\Database\BaseConnection->query('INSERT INTO "prodotto" ("nome", "descrizione", "prezzo", "tipo", "quantitadisponibile") VALUES (:nome:, :descrizione:, :prezzo:, :tipo:, :quantitadisponibile:)', [...], false)
 2 SYSTEMPATH\Model.php(330): CodeIgniter\Database\BaseBuilder->insert()
 3 SYSTEMPATH\BaseModel.php(782): CodeIgniter\Model->doInsert([...])
 4 SYSTEMPATH\Model.php(730): CodeIgniter\BaseModel->insert([...], false)
 5 SYSTEMPATH\BaseModel.php(692): CodeIgniter\Model->insert([...], false)
 6 APPPATH\Controllers\CatalogoAdmin.php(31): CodeIgniter\BaseModel->save([...])
 7 SYSTEMPATH\CodeIgniter.php(934): App\Controllers\CatalogoAdmin->aggiungiProdotto()
 8 SYSTEMPATH\CodeIgniter.php(499): CodeIgniter\CodeIgniter->runController(Object(App\Controllers\CatalogoAdmin))
 9 SYSTEMPATH\CodeIgniter.php(368): CodeIgniter\CodeIgniter->handleRequest(null, Object(Config\Cache), false)
10 FCPATH\index.php(67): CodeIgniter\CodeIgniter->run()
ERROR - 2024-04-10 14:41:50 --> ErrorException: pg_query(): Query failed: ERROR:  new row for relation &quot;prodotto&quot; violates check constraint &quot;prodotto_tipo_check&quot;
DETAIL:  Failing row contains (3, Olio Bari, Olio di Bari., 50.00, extravergine, 100). in C:\xampp\htdocs\e-commerce\system\Database\Postgre\Connection.php:147
Stack trace:
#0 [internal function]: CodeIgniter\Debug\Exceptions->errorHandler(2, 'pg_query(): Que...', 'C:\\xampp\\htdocs...', 147)
#1 C:\xampp\htdocs\e-commerce\system\Database\Postgre\Connection.php(147): pg_query(Object(PgSql\Connection), 'INSERT INTO "pr...')
#2 C:\xampp\htdocs\e-commerce\system\Database\BaseConnection.php(691): CodeIgniter\Database\Postgre\Connection->execute('INSERT INTO "pr...')
#3 C:\xampp\htdocs\e-commerce\system\Database\BaseConnection.php(605): CodeIgniter\Database\BaseConnection->simpleQuery('INSERT INTO "pr...')
#4 C:\xampp\htdocs\e-commerce\system\Database\BaseBuilder.php(2309): CodeIgniter\Database\BaseConnection->query('INSERT INTO "pr...', Array, false)
#5 C:\xampp\htdocs\e-commerce\system\Model.php(330): CodeIgniter\Database\BaseBuilder->insert()
#6 C:\xampp\htdocs\e-commerce\system\BaseModel.php(782): CodeIgniter\Model->doInsert(Array)
#7 C:\xampp\htdocs\e-commerce\system\Model.php(730): CodeIgniter\BaseModel->insert(Array, false)
#8 C:\xampp\htdocs\e-commerce\system\BaseModel.php(692): CodeIgniter\Model->insert(Array, false)
#9 C:\xampp\htdocs\e-commerce\app\Controllers\CatalogoAdmin.php(31): CodeIgniter\BaseModel->save(Array)
#10 C:\xampp\htdocs\e-commerce\system\CodeIgniter.php(934): App\Controllers\CatalogoAdmin->aggiungiProdotto()
#11 C:\xampp\htdocs\e-commerce\system\CodeIgniter.php(499): CodeIgniter\CodeIgniter->runController(Object(App\Controllers\CatalogoAdmin))
#12 C:\xampp\htdocs\e-commerce\system\CodeIgniter.php(368): CodeIgniter\CodeIgniter->handleRequest(NULL, Object(Config\Cache), false)
#13 C:\xampp\htdocs\e-commerce\public\index.php(67): CodeIgniter\CodeIgniter->run()
#14 {main}
CRITICAL - 2024-04-10 14:41:50 --> pg_query(): Query failed: ERROR:  new row for relation &quot;prodotto&quot; violates check constraint &quot;prodotto_tipo_check&quot;
DETAIL:  Failing row contains (3, Olio Bari, Olio di Bari., 50.00, extravergine, 100).
in SYSTEMPATH\Database\BaseConnection.php on line 645.
 1 SYSTEMPATH\Database\BaseBuilder.php(2309): CodeIgniter\Database\BaseConnection->query('INSERT INTO "prodotto" ("nome", "descrizione", "prezzo", "tipo", "quantitadisponibile") VALUES (:nome:, :descrizione:, :prezzo:, :tipo:, :quantitadisponibile:)', [...], false)
 2 SYSTEMPATH\Model.php(330): CodeIgniter\Database\BaseBuilder->insert()
 3 SYSTEMPATH\BaseModel.php(782): CodeIgniter\Model->doInsert([...])
 4 SYSTEMPATH\Model.php(730): CodeIgniter\BaseModel->insert([...], false)
 5 SYSTEMPATH\BaseModel.php(692): CodeIgniter\Model->insert([...], false)
 6 APPPATH\Controllers\CatalogoAdmin.php(31): CodeIgniter\BaseModel->save([...])
 7 SYSTEMPATH\CodeIgniter.php(934): App\Controllers\CatalogoAdmin->aggiungiProdotto()
 8 SYSTEMPATH\CodeIgniter.php(499): CodeIgniter\CodeIgniter->runController(Object(App\Controllers\CatalogoAdmin))
 9 SYSTEMPATH\CodeIgniter.php(368): CodeIgniter\CodeIgniter->handleRequest(null, Object(Config\Cache), false)
10 FCPATH\index.php(67): CodeIgniter\CodeIgniter->run()
