CRITICAL - 2024-05-05 09:20:39 --> Attempt to read property "url_immagine" on array
in APPPATH\Views\index.php on line 79.
 1 APPPATH\Views\index.php(79): CodeIgniter\Debug\Exceptions->errorHandler(2, 'Attempt to read property "url_immagine" on array', 'APPPATH\\Views\\index.php', 79)
 2 SYSTEMPATH\View\View.php(213): include('APPPATH\\Views\\index.php')
 3 SYSTEMPATH\View\View.php(216): CodeIgniter\View\View->CodeIgniter\View\{closure}()
 4 SYSTEMPATH\Common.php(1184): CodeIgniter\View\View->render('index', [], true)
 5 APPPATH\Controllers\Home.php(13): view('index', [...])
 6 SYSTEMPATH\CodeIgniter.php(934): App\Controllers\Home->index()
 7 SYSTEMPATH\CodeIgniter.php(499): CodeIgniter\CodeIgniter->runController(Object(App\Controllers\Home))
 8 SYSTEMPATH\CodeIgniter.php(368): CodeIgniter\CodeIgniter->handleRequest(null, Object(Config\Cache), false)
 9 FCPATH\index.php(67): CodeIgniter\CodeIgniter->run()
CRITICAL - 2024-05-05 09:21:04 --> Attempt to read property "nome" on array
in APPPATH\Views\index.php on line 80.
 1 APPPATH\Views\index.php(80): CodeIgniter\Debug\Exceptions->errorHandler(2, 'Attempt to read property "nome" on array', 'APPPATH\\Views\\index.php', 80)
 2 SYSTEMPATH\View\View.php(213): include('APPPATH\\Views\\index.php')
 3 SYSTEMPATH\View\View.php(216): CodeIgniter\View\View->CodeIgniter\View\{closure}()
 4 SYSTEMPATH\Common.php(1184): CodeIgniter\View\View->render('index', [], true)
 5 APPPATH\Controllers\Home.php(13): view('index', [...])
 6 SYSTEMPATH\CodeIgniter.php(934): App\Controllers\Home->index()
 7 SYSTEMPATH\CodeIgniter.php(499): CodeIgniter\CodeIgniter->runController(Object(App\Controllers\Home))
 8 SYSTEMPATH\CodeIgniter.php(368): CodeIgniter\CodeIgniter->handleRequest(null, Object(Config\Cache), false)
 9 FCPATH\index.php(67): CodeIgniter\CodeIgniter->run()
CRITICAL - 2024-05-05 09:21:30 --> Attempt to read property "nome" on array
in APPPATH\Views\index.php on line 80.
 1 APPPATH\Views\index.php(80): CodeIgniter\Debug\Exceptions->errorHandler(2, 'Attempt to read property "nome" on array', 'APPPATH\\Views\\index.php', 80)
 2 SYSTEMPATH\View\View.php(213): include('APPPATH\\Views\\index.php')
 3 SYSTEMPATH\View\View.php(216): CodeIgniter\View\View->CodeIgniter\View\{closure}()
 4 SYSTEMPATH\Common.php(1184): CodeIgniter\View\View->render('index', [], true)
 5 APPPATH\Controllers\Home.php(13): view('index', [...])
 6 SYSTEMPATH\CodeIgniter.php(934): App\Controllers\Home->index()
 7 SYSTEMPATH\CodeIgniter.php(499): CodeIgniter\CodeIgniter->runController(Object(App\Controllers\Home))
 8 SYSTEMPATH\CodeIgniter.php(368): CodeIgniter\CodeIgniter->handleRequest(null, Object(Config\Cache), false)
 9 FCPATH\index.php(67): CodeIgniter\CodeIgniter->run()
CRITICAL - 2024-05-05 09:21:35 --> Attempt to read property "nome" on array
in APPPATH\Views\index.php on line 80.
 1 APPPATH\Views\index.php(80): CodeIgniter\Debug\Exceptions->errorHandler(2, 'Attempt to read property "nome" on array', 'APPPATH\\Views\\index.php', 80)
 2 SYSTEMPATH\View\View.php(213): include('APPPATH\\Views\\index.php')
 3 SYSTEMPATH\View\View.php(216): CodeIgniter\View\View->CodeIgniter\View\{closure}()
 4 SYSTEMPATH\Common.php(1184): CodeIgniter\View\View->render('index', [], true)
 5 APPPATH\Controllers\Home.php(13): view('index', [...])
 6 SYSTEMPATH\CodeIgniter.php(934): App\Controllers\Home->index()
 7 SYSTEMPATH\CodeIgniter.php(499): CodeIgniter\CodeIgniter->runController(Object(App\Controllers\Home))
 8 SYSTEMPATH\CodeIgniter.php(368): CodeIgniter\CodeIgniter->handleRequest(null, Object(Config\Cache), false)
 9 FCPATH\index.php(67): CodeIgniter\CodeIgniter->run()
CRITICAL - 2024-05-05 09:21:42 --> Attempt to read property "descrizione" on array
in APPPATH\Views\index.php on line 83.
 1 APPPATH\Views\index.php(83): CodeIgniter\Debug\Exceptions->errorHandler(2, 'Attempt to read property "descrizione" on array', 'APPPATH\\Views\\index.php', 83)
 2 SYSTEMPATH\View\View.php(213): include('APPPATH\\Views\\index.php')
 3 SYSTEMPATH\View\View.php(216): CodeIgniter\View\View->CodeIgniter\View\{closure}()
 4 SYSTEMPATH\Common.php(1184): CodeIgniter\View\View->render('index', [], true)
 5 APPPATH\Controllers\Home.php(13): view('index', [...])
 6 SYSTEMPATH\CodeIgniter.php(934): App\Controllers\Home->index()
 7 SYSTEMPATH\CodeIgniter.php(499): CodeIgniter\CodeIgniter->runController(Object(App\Controllers\Home))
 8 SYSTEMPATH\CodeIgniter.php(368): CodeIgniter\CodeIgniter->handleRequest(null, Object(Config\Cache), false)
 9 FCPATH\index.php(67): CodeIgniter\CodeIgniter->run()
CRITICAL - 2024-05-05 09:21:54 --> Attempt to read property "prezzo" on array
in APPPATH\Views\index.php on line 85.
 1 APPPATH\Views\index.php(85): CodeIgniter\Debug\Exceptions->errorHandler(2, 'Attempt to read property "prezzo" on array', 'APPPATH\\Views\\index.php', 85)
 2 SYSTEMPATH\View\View.php(213): include('APPPATH\\Views\\index.php')
 3 SYSTEMPATH\View\View.php(216): CodeIgniter\View\View->CodeIgniter\View\{closure}()
 4 SYSTEMPATH\Common.php(1184): CodeIgniter\View\View->render('index', [], true)
 5 APPPATH\Controllers\Home.php(13): view('index', [...])
 6 SYSTEMPATH\CodeIgniter.php(934): App\Controllers\Home->index()
 7 SYSTEMPATH\CodeIgniter.php(499): CodeIgniter\CodeIgniter->runController(Object(App\Controllers\Home))
 8 SYSTEMPATH\CodeIgniter.php(368): CodeIgniter\CodeIgniter->handleRequest(null, Object(Config\Cache), false)
 9 FCPATH\index.php(67): CodeIgniter\CodeIgniter->run()
ERROR - 2024-05-05 10:45:40 --> ErrorException: pg_query(): Query failed: ERROR:  update or delete on table &quot;prodotto&quot; violates foreign key constraint &quot;recensione_prodottoid_fkey&quot; on table &quot;recensione&quot;
DETAIL:  Key (prodottoid)=(3) is still referenced from table &quot;recensione&quot;. in C:\xampp\htdocs\OlivApulia\system\Database\Postgre\Connection.php:147
Stack trace:
#0 [internal function]: CodeIgniter\Debug\Exceptions->errorHandler(2, 'pg_query(): Que...', 'C:\\xampp\\htdocs...', 147)
#1 C:\xampp\htdocs\OlivApulia\system\Database\Postgre\Connection.php(147): pg_query(Object(PgSql\Connection), 'DELETE FROM "pr...')
#2 C:\xampp\htdocs\OlivApulia\system\Database\BaseConnection.php(691): CodeIgniter\Database\Postgre\Connection->execute('DELETE FROM "pr...')
#3 C:\xampp\htdocs\OlivApulia\system\Database\BaseConnection.php(605): CodeIgniter\Database\BaseConnection->simpleQuery('DELETE FROM "pr...')
#4 C:\xampp\htdocs\OlivApulia\system\Database\BaseBuilder.php(2791): CodeIgniter\Database\BaseConnection->query('DELETE FROM "pr...', Array, false)
#5 C:\xampp\htdocs\OlivApulia\system\Database\Postgre\Builder.php(236): CodeIgniter\Database\BaseBuilder->delete('', NULL, true)
#6 C:\xampp\htdocs\OlivApulia\system\Model.php(456): CodeIgniter\Database\Postgre\Builder->delete()
#7 C:\xampp\htdocs\OlivApulia\system\BaseModel.php(1065): CodeIgniter\Model->doDelete(Array, false)
#8 C:\xampp\htdocs\OlivApulia\app\Controllers\CatalogoAdmin.php(51): CodeIgniter\BaseModel->delete(Array)
#9 C:\xampp\htdocs\OlivApulia\system\CodeIgniter.php(934): App\Controllers\CatalogoAdmin->eliminaProdotto('3', '3')
#10 C:\xampp\htdocs\OlivApulia\system\CodeIgniter.php(499): CodeIgniter\CodeIgniter->runController(Object(App\Controllers\CatalogoAdmin))
#11 C:\xampp\htdocs\OlivApulia\system\CodeIgniter.php(368): CodeIgniter\CodeIgniter->handleRequest(NULL, Object(Config\Cache), false)
#12 C:\xampp\htdocs\OlivApulia\public\index.php(67): CodeIgniter\CodeIgniter->run()
#13 {main}
CRITICAL - 2024-05-05 10:45:40 --> pg_query(): Query failed: ERROR:  update or delete on table &quot;prodotto&quot; violates foreign key constraint &quot;recensione_prodottoid_fkey&quot; on table &quot;recensione&quot;
DETAIL:  Key (prodottoid)=(3) is still referenced from table &quot;recensione&quot;.
in SYSTEMPATH\Database\BaseConnection.php on line 645.
 1 SYSTEMPATH\Database\BaseBuilder.php(2791): CodeIgniter\Database\BaseConnection->query('DELETE FROM "prodotto"
WHERE "prodottoid" IN :prodottoid:', [...], false)
 2 SYSTEMPATH\Database\Postgre\Builder.php(236): CodeIgniter\Database\BaseBuilder->delete('ROOTPATH\\public', null, true)
 3 SYSTEMPATH\Model.php(456): CodeIgniter\Database\Postgre\Builder->delete()
 4 SYSTEMPATH\BaseModel.php(1065): CodeIgniter\Model->doDelete([...], false)
 5 APPPATH\Controllers\CatalogoAdmin.php(51): CodeIgniter\BaseModel->delete([...])
 6 SYSTEMPATH\CodeIgniter.php(934): App\Controllers\CatalogoAdmin->eliminaProdotto('3', '3')
 7 SYSTEMPATH\CodeIgniter.php(499): CodeIgniter\CodeIgniter->runController(Object(App\Controllers\CatalogoAdmin))
 8 SYSTEMPATH\CodeIgniter.php(368): CodeIgniter\CodeIgniter->handleRequest(null, Object(Config\Cache), false)
 9 FCPATH\index.php(67): CodeIgniter\CodeIgniter->run()
ERROR - 2024-05-05 10:50:26 --> ErrorException: pg_query(): Query failed: ERROR:  update or delete on table &quot;prodotto&quot; violates foreign key constraint &quot;ordine_prodottoid_fkey&quot; on table &quot;ordine&quot;
DETAIL:  Key (prodottoid)=(3) is still referenced from table &quot;ordine&quot;. in C:\xampp\htdocs\OlivApulia\system\Database\Postgre\Connection.php:147
Stack trace:
#0 [internal function]: CodeIgniter\Debug\Exceptions->errorHandler(2, 'pg_query(): Que...', 'C:\\xampp\\htdocs...', 147)
#1 C:\xampp\htdocs\OlivApulia\system\Database\Postgre\Connection.php(147): pg_query(Object(PgSql\Connection), 'DELETE FROM "pr...')
#2 C:\xampp\htdocs\OlivApulia\system\Database\BaseConnection.php(691): CodeIgniter\Database\Postgre\Connection->execute('DELETE FROM "pr...')
#3 C:\xampp\htdocs\OlivApulia\system\Database\BaseConnection.php(605): CodeIgniter\Database\BaseConnection->simpleQuery('DELETE FROM "pr...')
#4 C:\xampp\htdocs\OlivApulia\system\Database\BaseBuilder.php(2791): CodeIgniter\Database\BaseConnection->query('DELETE FROM "pr...', Array, false)
#5 C:\xampp\htdocs\OlivApulia\system\Database\Postgre\Builder.php(236): CodeIgniter\Database\BaseBuilder->delete('', NULL, true)
#6 C:\xampp\htdocs\OlivApulia\system\Model.php(456): CodeIgniter\Database\Postgre\Builder->delete()
#7 C:\xampp\htdocs\OlivApulia\system\BaseModel.php(1065): CodeIgniter\Model->doDelete(Array, false)
#8 C:\xampp\htdocs\OlivApulia\app\Controllers\CatalogoAdmin.php(60): CodeIgniter\BaseModel->delete(Array)
#9 C:\xampp\htdocs\OlivApulia\system\CodeIgniter.php(934): App\Controllers\CatalogoAdmin->eliminaProdotto('3', '3')
#10 C:\xampp\htdocs\OlivApulia\system\CodeIgniter.php(499): CodeIgniter\CodeIgniter->runController(Object(App\Controllers\CatalogoAdmin))
#11 C:\xampp\htdocs\OlivApulia\system\CodeIgniter.php(368): CodeIgniter\CodeIgniter->handleRequest(NULL, Object(Config\Cache), false)
#12 C:\xampp\htdocs\OlivApulia\public\index.php(67): CodeIgniter\CodeIgniter->run()
#13 {main}
CRITICAL - 2024-05-05 10:50:26 --> pg_query(): Query failed: ERROR:  update or delete on table &quot;prodotto&quot; violates foreign key constraint &quot;ordine_prodottoid_fkey&quot; on table &quot;ordine&quot;
DETAIL:  Key (prodottoid)=(3) is still referenced from table &quot;ordine&quot;.
in SYSTEMPATH\Database\BaseConnection.php on line 645.
 1 SYSTEMPATH\Database\BaseBuilder.php(2791): CodeIgniter\Database\BaseConnection->query('DELETE FROM "prodotto"
WHERE "prodottoid" IN :prodottoid:', [...], false)
 2 SYSTEMPATH\Database\Postgre\Builder.php(236): CodeIgniter\Database\BaseBuilder->delete('ROOTPATH\\public', null, true)
 3 SYSTEMPATH\Model.php(456): CodeIgniter\Database\Postgre\Builder->delete()
 4 SYSTEMPATH\BaseModel.php(1065): CodeIgniter\Model->doDelete([...], false)
 5 APPPATH\Controllers\CatalogoAdmin.php(60): CodeIgniter\BaseModel->delete([...])
 6 SYSTEMPATH\CodeIgniter.php(934): App\Controllers\CatalogoAdmin->eliminaProdotto('3', '3')
 7 SYSTEMPATH\CodeIgniter.php(499): CodeIgniter\CodeIgniter->runController(Object(App\Controllers\CatalogoAdmin))
 8 SYSTEMPATH\CodeIgniter.php(368): CodeIgniter\CodeIgniter->handleRequest(null, Object(Config\Cache), false)
 9 FCPATH\index.php(67): CodeIgniter\CodeIgniter->run()
ERROR - 2024-05-05 11:01:37 --> ErrorException: pg_query(): Query failed: ERROR:  new row for relation &quot;prodotto&quot; violates check constraint &quot;prodotto_tipo_check&quot;
DETAIL:  Failing row contains (7, Olio Extravergine di Oliva, Olio di oliva di alta qualità, perfetto per condimenti e piatti..., 10.99, Extravergine di Oliva, 150, 05_1.jpg). in C:\xampp\htdocs\OlivApulia\system\Database\Postgre\Connection.php:147
Stack trace:
#0 [internal function]: CodeIgniter\Debug\Exceptions->errorHandler(2, 'pg_query(): Que...', 'C:\\xampp\\htdocs...', 147)
#1 C:\xampp\htdocs\OlivApulia\system\Database\Postgre\Connection.php(147): pg_query(Object(PgSql\Connection), 'INSERT INTO "pr...')
#2 C:\xampp\htdocs\OlivApulia\system\Database\BaseConnection.php(691): CodeIgniter\Database\Postgre\Connection->execute('INSERT INTO "pr...')
#3 C:\xampp\htdocs\OlivApulia\system\Database\BaseConnection.php(605): CodeIgniter\Database\BaseConnection->simpleQuery('INSERT INTO "pr...')
#4 C:\xampp\htdocs\OlivApulia\system\Database\BaseBuilder.php(2309): CodeIgniter\Database\BaseConnection->query('INSERT INTO "pr...', Array, false)
#5 C:\xampp\htdocs\OlivApulia\system\Model.php(330): CodeIgniter\Database\BaseBuilder->insert()
#6 C:\xampp\htdocs\OlivApulia\system\BaseModel.php(782): CodeIgniter\Model->doInsert(Array)
#7 C:\xampp\htdocs\OlivApulia\system\Model.php(730): CodeIgniter\BaseModel->insert(Array, false)
#8 C:\xampp\htdocs\OlivApulia\system\BaseModel.php(692): CodeIgniter\Model->insert(Array, false)
#9 C:\xampp\htdocs\OlivApulia\app\Controllers\CatalogoAdmin.php(39): CodeIgniter\BaseModel->save(Array)
#10 C:\xampp\htdocs\OlivApulia\system\CodeIgniter.php(934): App\Controllers\CatalogoAdmin->aggiungiProdotto()
#11 C:\xampp\htdocs\OlivApulia\system\CodeIgniter.php(499): CodeIgniter\CodeIgniter->runController(Object(App\Controllers\CatalogoAdmin))
#12 C:\xampp\htdocs\OlivApulia\system\CodeIgniter.php(368): CodeIgniter\CodeIgniter->handleRequest(NULL, Object(Config\Cache), false)
#13 C:\xampp\htdocs\OlivApulia\public\index.php(67): CodeIgniter\CodeIgniter->run()
#14 {main}
CRITICAL - 2024-05-05 11:01:37 --> pg_query(): Query failed: ERROR:  new row for relation &quot;prodotto&quot; violates check constraint &quot;prodotto_tipo_check&quot;
DETAIL:  Failing row contains (7, Olio Extravergine di Oliva, Olio di oliva di alta qualità, perfetto per condimenti e piatti..., 10.99, Extravergine di Oliva, 150, 05_1.jpg).
in SYSTEMPATH\Database\BaseConnection.php on line 645.
 1 SYSTEMPATH\Database\BaseBuilder.php(2309): CodeIgniter\Database\BaseConnection->query('INSERT INTO "prodotto" ("nome", "descrizione", "prezzo", "tipo", "quantitadisponibile", "url_immagine") VALUES (:nome:, :descrizione:, :prezzo:, :tipo:, :quantitadisponibile:, :url_immagine:)', [...], false)
 2 SYSTEMPATH\Model.php(330): CodeIgniter\Database\BaseBuilder->insert()
 3 SYSTEMPATH\BaseModel.php(782): CodeIgniter\Model->doInsert([...])
 4 SYSTEMPATH\Model.php(730): CodeIgniter\BaseModel->insert([...], false)
 5 SYSTEMPATH\BaseModel.php(692): CodeIgniter\Model->insert([...], false)
 6 APPPATH\Controllers\CatalogoAdmin.php(39): CodeIgniter\BaseModel->save([...])
 7 SYSTEMPATH\CodeIgniter.php(934): App\Controllers\CatalogoAdmin->aggiungiProdotto()
 8 SYSTEMPATH\CodeIgniter.php(499): CodeIgniter\CodeIgniter->runController(Object(App\Controllers\CatalogoAdmin))
 9 SYSTEMPATH\CodeIgniter.php(368): CodeIgniter\CodeIgniter->handleRequest(null, Object(Config\Cache), false)
10 FCPATH\index.php(67): CodeIgniter\CodeIgniter->run()
