ERROR - 2024-05-06 14:19:26 --> Email: Unable to send email using SMTP. Your server might not be configured to send mail using this method.
ERROR - 2024-05-06 14:19:26 --> 220 MI2P293CA0012.outlook.office365.com Microsoft ESMTP MAIL Service ready at Mon, 6 May 2024 14:19:20 +0000

hello: 250-MI2P293CA0012.outlook.office365.com Hello [193.204.189.14]
250-SIZE 157286400
250-PIPELINING
250-DSN
250-ENHANCEDSTATUSCODES
250-STARTTLS
250-8BITMIME
250-BINARYMIME
250-CHUNKING
250 SMTPUTF8

starttls: 220 2.0.0 SMTP server ready

hello: 250-MI2P293CA0012.outlook.office365.com Hello [193.204.189.14]
250-SIZE 157286400
250-PIPELINING
250-DSN
250-ENHANCEDSTATUSCODES
250-AUTH LOGIN XOAUTH2
250-8BITMIME
250-BINARYMIME
250-CHUNKING
250 SMTPUTF8

from: 250 2.1.0 Sender OK

to: 501 5.1.3 Invalid address

The following SMTP error was encountered: 501 5.1.3 Invalid address

quit: 221 2.0.0 Service closing transmission channel

ERROR - 2024-05-06 14:22:13 --> Email: Unable to send email using SMTP. Your server might not be configured to send mail using this method.
ERROR - 2024-05-06 14:22:13 --> 220 MI1P293CA0027.outlook.office365.com Microsoft ESMTP MAIL Service ready at Mon, 6 May 2024 14:22:09 +0000

hello: 250-MI1P293CA0027.outlook.office365.com Hello [193.204.189.14]
250-SIZE 157286400
250-PIPELINING
250-DSN
250-ENHANCEDSTATUSCODES
250-STARTTLS
250-8BITMIME
250-BINARYMIME
250-CHUNKING
250 SMTPUTF8

starttls: 220 2.0.0 SMTP server ready

hello: 250-MI1P293CA0027.outlook.office365.com Hello [193.204.189.14]
250-SIZE 157286400
250-PIPELINING
250-DSN
250-ENHANCEDSTATUSCODES
250-AUTH LOGIN XOAUTH2
250-8BITMIME
250-BINARYMIME
250-CHUNKING
250 SMTPUTF8

from: 250 2.1.0 Sender OK

to: 501 5.1.3 Invalid address

The following SMTP error was encountered: 501 5.1.3 Invalid address

quit: 221 2.0.0 Service closing transmission channel

ERROR - 2024-05-06 14:40:15 --> Email: Unable to send email using SMTP. Your server might not be configured to send mail using this method.
ERROR - 2024-05-06 14:40:15 --> 220 MI0P293CA0002.outlook.office365.com Microsoft ESMTP MAIL Service ready at Mon, 6 May 2024 14:40:12 +0000

hello: 250-MI0P293CA0002.outlook.office365.com Hello [193.204.189.14]
250-SIZE 157286400
250-PIPELINING
250-DSN
250-ENHANCEDSTATUSCODES
250-STARTTLS
250-8BITMIME
250-BINARYMIME
250-CHUNKING
250 SMTPUTF8

starttls: 220 2.0.0 SMTP server ready

hello: 250-MI0P293CA0002.outlook.office365.com Hello [193.204.189.14]
250-SIZE 157286400
250-PIPELINING
250-DSN
250-ENHANCEDSTATUSCODES
250-AUTH LOGIN XOAUTH2
250-8BITMIME
250-BINARYMIME
250-CHUNKING
250 SMTPUTF8

from: 250 2.1.0 Sender OK

to: 501 5.1.3 Invalid address

The following SMTP error was encountered: 501 5.1.3 Invalid address

quit: 221 2.0.0 Service closing transmission channel

