ERROR - 2024-05-12 15:35:34 --> Email: Unable to send email using SMTP. Your server might not be configured to send mail using this method.
ERROR - 2024-05-12 15:35:34 --> 220 PR3P189CA0043.outlook.office365.com Microsoft ESMTP MAIL Service ready at Sun, 12 May 2024 15:35:25 +0000

hello: 250-PR3P189CA0043.outlook.office365.com Hello [78.209.147.250]
250-SIZE 157286400
250-PIPELINING
250-DSN
250-ENHANCEDSTATUSCODES
250-STARTTLS
250-8BITMIME
250-BINARYMIME
250-CHUNKING
250 SMTPUTF8

starttls: 220 2.0.0 SMTP server ready

hello: 250-PR3P189CA0043.outlook.office365.com Hello [78.209.147.250]
250-SIZE 157286400
250-PIPELINING
250-DSN
250-ENHANCEDSTATUSCODES
250-AUTH LOGIN XOAUTH2
250-8BITMIME
250-BINARYMIME
250-CHUNKING
250 SMTPUTF8

Failed to authenticate password. Error: 
ERROR - 2024-05-12 15:37:33 --> Email: Unable to send email using SMTP. Your server might not be configured to send mail using this method.
ERROR - 2024-05-12 15:37:33 --> 220 PA7P264CA0035.outlook.office365.com Microsoft ESMTP MAIL Service ready at Sun, 12 May 2024 15:37:24 +0000

hello: 250-PA7P264CA0035.outlook.office365.com Hello [78.209.147.250]
250-SIZE 157286400
250-PIPELINING
250-DSN
250-ENHANCEDSTATUSCODES
250-STARTTLS
250-8BITMIME
250-BINARYMIME
250-CHUNKING
250 SMTPUTF8

starttls: 220 2.0.0 SMTP server ready

hello: 250-PA7P264CA0035.outlook.office365.com Hello [78.209.147.250]
250-SIZE 157286400
250-PIPELINING
250-DSN
250-ENHANCEDSTATUSCODES
250-AUTH LOGIN XOAUTH2
250-8BITMIME
250-BINARYMIME
250-CHUNKING
250 SMTPUTF8

Failed to authenticate password. Error: 
ERROR - 2024-05-12 15:47:01 --> Email: Unable to send email using SMTP. Your server might not be configured to send mail using this method.
ERROR - 2024-05-12 15:47:01 --> 220 PA7P264CA0155.outlook.office365.com Microsoft ESMTP MAIL Service ready at Sun, 12 May 2024 15:46:52 +0000

hello: 250-PA7P264CA0155.outlook.office365.com Hello [78.209.147.250]
250-SIZE 157286400
250-PIPELINING
250-DSN
250-ENHANCEDSTATUSCODES
250-STARTTLS
250-8BITMIME
250-BINARYMIME
250-CHUNKING
250 SMTPUTF8

starttls: 220 2.0.0 SMTP server ready

hello: 250-PA7P264CA0155.outlook.office365.com Hello [78.209.147.250]
250-SIZE 157286400
250-PIPELINING
250-DSN
250-ENHANCEDSTATUSCODES
250-AUTH LOGIN XOAUTH2
250-8BITMIME
250-BINARYMIME
250-CHUNKING
250 SMTPUTF8

Failed to authenticate password. Error: 
ERROR - 2024-05-12 15:48:16 --> Email: Unable to send email using SMTP. Your server might not be configured to send mail using this method.
ERROR - 2024-05-12 15:48:16 --> 220 MI2P293CA0013.outlook.office365.com Microsoft ESMTP MAIL Service ready at Sun, 12 May 2024 15:48:07 +0000

hello: 250-MI2P293CA0013.outlook.office365.com Hello [78.209.147.250]
250-SIZE 157286400
250-PIPELINING
250-DSN
250-ENHANCEDSTATUSCODES
250-STARTTLS
250-8BITMIME
250-BINARYMIME
250-CHUNKING
250 SMTPUTF8

starttls: 220 2.0.0 SMTP server ready

hello: 250-MI2P293CA0013.outlook.office365.com Hello [78.209.147.250]
250-SIZE 157286400
250-PIPELINING
250-DSN
250-ENHANCEDSTATUSCODES
250-AUTH LOGIN XOAUTH2
250-8BITMIME
250-BINARYMIME
250-CHUNKING
250 SMTPUTF8

Failed to authenticate password. Error: 
ERROR - 2024-05-12 15:48:45 --> Email: Unable to send email using SMTP. Your server might not be configured to send mail using this method.
ERROR - 2024-05-12 15:48:45 --> 220 MI2P293CA0003.outlook.office365.com Microsoft ESMTP MAIL Service ready at Sun, 12 May 2024 15:48:37 +0000

hello: 250-MI2P293CA0003.outlook.office365.com Hello [78.209.147.250]
250-SIZE 157286400
250-PIPELINING
250-DSN
250-ENHANCEDSTATUSCODES
250-STARTTLS
250-8BITMIME
250-BINARYMIME
250-CHUNKING
250 SMTPUTF8

starttls: 220 2.0.0 SMTP server ready

hello: 250-MI2P293CA0003.outlook.office365.com Hello [78.209.147.250]
250-SIZE 157286400
250-PIPELINING
250-DSN
250-ENHANCEDSTATUSCODES
250-AUTH LOGIN XOAUTH2
250-8BITMIME
250-BINARYMIME
250-CHUNKING
250 SMTPUTF8

Failed to authenticate password. Error: 
ERROR - 2024-05-12 15:50:11 --> Email: Unable to send email using SMTP. Your server might not be configured to send mail using this method.
ERROR - 2024-05-12 15:50:11 --> 220 MI2P293CA0002.outlook.office365.com Microsoft ESMTP MAIL Service ready at Sun, 12 May 2024 15:50:03 +0000

hello: 250-MI2P293CA0002.outlook.office365.com Hello [78.209.147.250]
250-SIZE 157286400
250-PIPELINING
250-DSN
250-ENHANCEDSTATUSCODES
250-STARTTLS
250-8BITMIME
250-BINARYMIME
250-CHUNKING
250 SMTPUTF8

starttls: 220 2.0.0 SMTP server ready

hello: 250-MI2P293CA0002.outlook.office365.com Hello [78.209.147.250]
250-SIZE 157286400
250-PIPELINING
250-DSN
250-ENHANCEDSTATUSCODES
250-AUTH LOGIN XOAUTH2
250-8BITMIME
250-BINARYMIME
250-CHUNKING
250 SMTPUTF8

Failed to authenticate password. Error: 
