ERROR - 2024-05-28 13:06:07 --> Email: Unable to send email using SMTP. Your server might not be configured to send mail using this method.
ERROR - 2024-05-28 13:06:07 --> 220 MI1P293CA0026.outlook.office365.com Microsoft ESMTP MAIL Service ready at Tue, 28 May 2024 13:06:00 +0000

hello: 250-MI1P293CA0026.outlook.office365.com Hello [2.228.124.70]
250-SIZE 157286400
250-PIPELINING
250-DSN
250-ENHANCEDSTATUSCODES
250-STARTTLS
250-8BITMIME
250-BINARYMIME
250-CHUNKING
250 SMTPUTF8

starttls: 220 2.0.0 SMTP server ready

hello: 250-MI1P293CA0026.outlook.office365.com Hello [2.228.124.70]
250-SIZE 157286400
250-PIPELINING
250-DSN
250-ENHANCEDSTATUSCODES
250-AUTH LOGIN XOAUTH2
250-8BITMIME
250-BINARYMIME
250-CHUNKING
250 SMTPUTF8

Failed to authenticate password. Error: 
