CRITICAL - 2024-05-07 14:18:59 --> Undefined array key "quantita_disponibile"
in APPPATH\Views\ordine.php on line 25.
 1 APPPATH\Views\ordine.php(25): CodeIgniter\Debug\Exceptions->errorHandler(2, 'Undefined array key "quantita_disponibile"', 'APPPATH\\Views\\ordine.php', 25)
 2 SYSTEMPATH\View\View.php(213): include('APPPATH\\Views\\ordine.php')
 3 SYSTEMPATH\View\View.php(216): CodeIgniter\View\View->CodeIgniter\View\{closure}()
 4 SYSTEMPATH\Common.php(1184): CodeIgniter\View\View->render('ordine', [], true)
 5 APPPATH\Controllers\Ordine.php(14): view('ordine', [...])
 6 SYSTEMPATH\CodeIgniter.php(934): App\Controllers\Ordine->index('8', '8')
 7 SYSTEMPATH\CodeIgniter.php(499): CodeIgniter\CodeIgniter->runController(Object(App\Controllers\Ordine))
 8 SYSTEMPATH\CodeIgniter.php(368): CodeIgniter\CodeIgniter->handleRequest(null, Object(Config\Cache), false)
 9 FCPATH\index.php(67): CodeIgniter\CodeIgniter->run()
CRITICAL - 2024-05-07 14:27:19 --> Call to undefined method App\Models\OrdineModel::getOrdiniByBuyer
in SYSTEMPATH\Model.php on line 842.
 1 APPPATH\Controllers\ProfiloBuyer.php(17): CodeIgniter\Model->__call('getOrdiniByBuyer', [...])
 2 SYSTEMPATH\CodeIgniter.php(934): App\Controllers\ProfiloBuyer->index()
 3 SYSTEMPATH\CodeIgniter.php(499): CodeIgniter\CodeIgniter->runController(Object(App\Controllers\ProfiloBuyer))
 4 SYSTEMPATH\CodeIgniter.php(368): CodeIgniter\CodeIgniter->handleRequest(null, Object(Config\Cache), false)
 5 FCPATH\index.php(67): CodeIgniter\CodeIgniter->run()
CRITICAL - 2024-05-07 14:27:31 --> Undefined array key "id"
in APPPATH\Views\profilo_buyer.php on line 91.
 1 APPPATH\Views\profilo_buyer.php(91): CodeIgniter\Debug\Exceptions->errorHandler(2, 'Undefined array key "id"', 'APPPATH\\Views\\profilo_buyer.php', 91)
 2 SYSTEMPATH\View\View.php(213): include('APPPATH\\Views\\profilo_buyer.php')
 3 SYSTEMPATH\View\View.php(216): CodeIgniter\View\View->CodeIgniter\View\{closure}()
 4 SYSTEMPATH\Common.php(1184): CodeIgniter\View\View->render('profilo_buyer', [], true)
 5 APPPATH\Controllers\ProfiloBuyer.php(18): view('profilo_buyer', [...])
 6 SYSTEMPATH\CodeIgniter.php(934): App\Controllers\ProfiloBuyer->index()
 7 SYSTEMPATH\CodeIgniter.php(499): CodeIgniter\CodeIgniter->runController(Object(App\Controllers\ProfiloBuyer))
 8 SYSTEMPATH\CodeIgniter.php(368): CodeIgniter\CodeIgniter->handleRequest(null, Object(Config\Cache), false)
 9 FCPATH\index.php(67): CodeIgniter\CodeIgniter->run()
CRITICAL - 2024-05-07 14:27:45 --> Undefined array key "ordinid"
in APPPATH\Views\profilo_buyer.php on line 91.
 1 APPPATH\Views\profilo_buyer.php(91): CodeIgniter\Debug\Exceptions->errorHandler(2, 'Undefined array key "ordinid"', 'APPPATH\\Views\\profilo_buyer.php', 91)
 2 SYSTEMPATH\View\View.php(213): include('APPPATH\\Views\\profilo_buyer.php')
 3 SYSTEMPATH\View\View.php(216): CodeIgniter\View\View->CodeIgniter\View\{closure}()
 4 SYSTEMPATH\Common.php(1184): CodeIgniter\View\View->render('profilo_buyer', [], true)
 5 APPPATH\Controllers\ProfiloBuyer.php(18): view('profilo_buyer', [...])
 6 SYSTEMPATH\CodeIgniter.php(934): App\Controllers\ProfiloBuyer->index()
 7 SYSTEMPATH\CodeIgniter.php(499): CodeIgniter\CodeIgniter->runController(Object(App\Controllers\ProfiloBuyer))
 8 SYSTEMPATH\CodeIgniter.php(368): CodeIgniter\CodeIgniter->handleRequest(null, Object(Config\Cache), false)
 9 FCPATH\index.php(67): CodeIgniter\CodeIgniter->run()
CRITICAL - 2024-05-07 14:27:51 --> Undefined array key "dettagli"
in APPPATH\Views\profilo_buyer.php on line 93.
 1 APPPATH\Views\profilo_buyer.php(93): CodeIgniter\Debug\Exceptions->errorHandler(2, 'Undefined array key "dettagli"', 'APPPATH\\Views\\profilo_buyer.php', 93)
 2 SYSTEMPATH\View\View.php(213): include('APPPATH\\Views\\profilo_buyer.php')
 3 SYSTEMPATH\View\View.php(216): CodeIgniter\View\View->CodeIgniter\View\{closure}()
 4 SYSTEMPATH\Common.php(1184): CodeIgniter\View\View->render('profilo_buyer', [], true)
 5 APPPATH\Controllers\ProfiloBuyer.php(18): view('profilo_buyer', [...])
 6 SYSTEMPATH\CodeIgniter.php(934): App\Controllers\ProfiloBuyer->index()
 7 SYSTEMPATH\CodeIgniter.php(499): CodeIgniter\CodeIgniter->runController(Object(App\Controllers\ProfiloBuyer))
 8 SYSTEMPATH\CodeIgniter.php(368): CodeIgniter\CodeIgniter->handleRequest(null, Object(Config\Cache), false)
 9 FCPATH\index.php(67): CodeIgniter\CodeIgniter->run()
CRITICAL - 2024-05-07 14:28:06 --> Undefined array key "status"
in APPPATH\Views\profilo_buyer.php on line 94.
 1 APPPATH\Views\profilo_buyer.php(94): CodeIgniter\Debug\Exceptions->errorHandler(2, 'Undefined array key "status"', 'APPPATH\\Views\\profilo_buyer.php', 94)
 2 SYSTEMPATH\View\View.php(213): include('APPPATH\\Views\\profilo_buyer.php')
 3 SYSTEMPATH\View\View.php(216): CodeIgniter\View\View->CodeIgniter\View\{closure}()
 4 SYSTEMPATH\Common.php(1184): CodeIgniter\View\View->render('profilo_buyer', [], true)
 5 APPPATH\Controllers\ProfiloBuyer.php(18): view('profilo_buyer', [...])
 6 SYSTEMPATH\CodeIgniter.php(934): App\Controllers\ProfiloBuyer->index()
 7 SYSTEMPATH\CodeIgniter.php(499): CodeIgniter\CodeIgniter->runController(Object(App\Controllers\ProfiloBuyer))
 8 SYSTEMPATH\CodeIgniter.php(368): CodeIgniter\CodeIgniter->handleRequest(null, Object(Config\Cache), false)
 9 FCPATH\index.php(67): CodeIgniter\CodeIgniter->run()
CRITICAL - 2024-05-07 14:28:17 --> Undefined array key "status"
in APPPATH\Views\profilo_buyer.php on line 96.
 1 APPPATH\Views\profilo_buyer.php(96): CodeIgniter\Debug\Exceptions->errorHandler(2, 'Undefined array key "status"', 'APPPATH\\Views\\profilo_buyer.php', 96)
 2 SYSTEMPATH\View\View.php(213): include('APPPATH\\Views\\profilo_buyer.php')
 3 SYSTEMPATH\View\View.php(216): CodeIgniter\View\View->CodeIgniter\View\{closure}()
 4 SYSTEMPATH\Common.php(1184): CodeIgniter\View\View->render('profilo_buyer', [], true)
 5 APPPATH\Controllers\ProfiloBuyer.php(18): view('profilo_buyer', [...])
 6 SYSTEMPATH\CodeIgniter.php(934): App\Controllers\ProfiloBuyer->index()
 7 SYSTEMPATH\CodeIgniter.php(499): CodeIgniter\CodeIgniter->runController(Object(App\Controllers\ProfiloBuyer))
 8 SYSTEMPATH\CodeIgniter.php(368): CodeIgniter\CodeIgniter->handleRequest(null, Object(Config\Cache), false)
 9 FCPATH\index.php(67): CodeIgniter\CodeIgniter->run()
CRITICAL - 2024-05-07 14:28:30 --> Undefined array key "id"
in APPPATH\Views\profilo_buyer.php on line 99.
 1 APPPATH\Views\profilo_buyer.php(99): CodeIgniter\Debug\Exceptions->errorHandler(2, 'Undefined array key "id"', 'APPPATH\\Views\\profilo_buyer.php', 99)
 2 SYSTEMPATH\View\View.php(213): include('APPPATH\\Views\\profilo_buyer.php')
 3 SYSTEMPATH\View\View.php(216): CodeIgniter\View\View->CodeIgniter\View\{closure}()
 4 SYSTEMPATH\Common.php(1184): CodeIgniter\View\View->render('profilo_buyer', [], true)
 5 APPPATH\Controllers\ProfiloBuyer.php(18): view('profilo_buyer', [...])
 6 SYSTEMPATH\CodeIgniter.php(934): App\Controllers\ProfiloBuyer->index()
 7 SYSTEMPATH\CodeIgniter.php(499): CodeIgniter\CodeIgniter->runController(Object(App\Controllers\ProfiloBuyer))
 8 SYSTEMPATH\CodeIgniter.php(368): CodeIgniter\CodeIgniter->handleRequest(null, Object(Config\Cache), false)
 9 FCPATH\index.php(67): CodeIgniter\CodeIgniter->run()
